<?xml version="1.0" encoding="UTF-8"?>
<!-- Generated by org.testng.reporters.JUnitReportReporter -->
<testsuite skipped="1" hostname="DESKTOP-O3E0A86" name="TestCases.Test002" tests="2" failures="0" timestamp="17 Feb 2020 11:35:34 GMT" time="8.975" errors="0">
  <testcase name="clickFAQ" time="8.975" classname="TestCases.Test002"/>
  <testcase name="getTitle" classname="TestCases.Test002">
    <skipped/>
  </testcase> <!-- getTitle -->
</testsuite> <!-- TestCases.Test002 -->
