<?xml version="1.0" encoding="UTF-8"?>
<!-- Generated by org.testng.reporters.JUnitReportReporter -->
<testsuite skipped="0" hostname="DESKTOP-O3E0A86" name="TestCases.Test001" tests="2" failures="0" timestamp="17 Feb 2020 08:42:03 GMT" time="27.646" errors="0">
  <testcase name="validateStoreBtn" time="6.753" classname="TestCases.Test001"/>
  <testcase name="validateBoxCutterBtn" time="20.893" classname="TestCases.Test001"/>
</testsuite> <!-- TestCases.Test001 -->
