<?xml version="1.0" encoding="UTF-8"?>
<!-- Generated by org.testng.reporters.JUnitReportReporter -->
<testsuite skipped="0" hostname="DESKTOP-O3E0A86" name="TestCases.CheckBoxValidation" tests="2" failures="0" timestamp="18 Feb 2020 08:52:24 GMT" time="19.899" errors="0">
  <testcase name="validateStoreBtn" time="13.289" classname="TestCases.CheckBoxValidation"/>
  <testcase name="validateBoxCutterBtn" time="6.610" classname="TestCases.CheckBoxValidation"/>
</testsuite> <!-- TestCases.CheckBoxValidation -->
