<?xml version="1.0" encoding="UTF-8"?>
<!-- Generated by org.testng.reporters.JUnitReportReporter -->
<testsuite skipped="0" hostname="DESKTOP-O3E0A86" name="TestCases.MouseHovering" tests="3" failures="0" timestamp="17 Feb 2020 14:29:35 GMT" time="31.588" errors="0">
  <testcase name="getToolTip" time="9.625" classname="TestCases.MouseHovering"/>
  <testcase name="getTitle" time="8.747" classname="TestCases.MouseHovering"/>
  <testcase name="clickFAQ" time="13.216" classname="TestCases.MouseHovering"/>
</testsuite> <!-- TestCases.MouseHovering -->
