<?xml version="1.0" encoding="UTF-8"?>
<!-- Generated by org.testng.reporters.JUnitReportReporter -->
<testsuite skipped="0" hostname="DESKTOP-O3E0A86" name="TestCases.CheckBoxValidation" tests="2" failures="0" timestamp="17 Feb 2020 15:55:43 GMT" time="15.296" errors="0">
  <testcase name="validateStoreBtn" time="7.328" classname="TestCases.CheckBoxValidation"/>
  <testcase name="validateBoxCutterBtn" time="7.968" classname="TestCases.CheckBoxValidation"/>
</testsuite> <!-- TestCases.CheckBoxValidation -->
