<?xml version="1.0" encoding="UTF-8"?>
<!-- Generated by org.testng.reporters.JUnitReportReporter -->
<testsuite skipped="0" hostname="DESKTOP-O3E0A86" name="TestCases.CheckBoxValidation" tests="2" failures="0" timestamp="2020-02-25T12:23:24 IST" time="28.650" errors="0">
  <testcase name="validateStoreBtn" time="6.320" classname="TestCases.CheckBoxValidation"/>
  <system-out/>
  <testcase name="validateBoxCutterBtn" time="22.330" classname="TestCases.CheckBoxValidation"/>
  <system-out/>
</testsuite> <!-- TestCases.CheckBoxValidation -->
